<?xml version="1.0" encoding="UTF-8"?>
<testng-results skipped="0" failed="0" ignored="0" total="4" passed="4">
  <reporter-output>
  </reporter-output>
  <suite name="search-module" duration-ms="31681" started-at="2022-05-21T22:21:27Z" finished-at="2022-05-21T22:21:58Z">
    <groups>
    </groups>
    <test name="search-test-java" duration-ms="6002" started-at="2022-05-21T22:21:27Z" finished-at="2022-05-21T22:21:33Z">
      <class name="com.searchmodule.tests.SearchTest">
        <test-method status="PASS" signature="setupDriver(org.testng.ITestContext)[pri:0, instance:com.searchmodule.tests.SearchTest@2a18f23c]" name="setupDriver" is-config="true" duration-ms="1586" started-at="2022-05-21T22:21:27Z" finished-at="2022-05-21T22:21:28Z">
          <params>
            <param index="0">
              <value>
                <![CDATA[org.testng.TestRunner@3bd323e9]]>
              </value>
            </param>
          </params>
          <reporter-output>
          </reporter-output>
        </test-method> <!-- setupDriver -->
        <test-method status="PASS" signature="search(java.lang.String)[pri:0, instance:com.searchmodule.tests.SearchTest@2a18f23c]" name="search" duration-ms="4348" started-at="2022-05-21T22:21:28Z" finished-at="2022-05-21T22:21:33Z">
          <params>
            <param index="0">
              <value>
                <![CDATA[java]]>
              </value>
            </param>
          </params>
          <reporter-output>
          </reporter-output>
        </test-method> <!-- search -->
        <test-method status="PASS" signature="quitDriver()[pri:0, instance:com.searchmodule.tests.SearchTest@2a18f23c]" name="quitDriver" is-config="true" duration-ms="61" started-at="2022-05-21T22:21:33Z" finished-at="2022-05-21T22:21:33Z">
          <reporter-output>
          </reporter-output>
        </test-method> <!-- quitDriver -->
      </class> <!-- com.searchmodule.tests.SearchTest -->
    </test> <!-- search-test-java -->
    <test name="search-test-webdriver" duration-ms="8709" started-at="2022-05-21T22:21:33Z" finished-at="2022-05-21T22:21:41Z">
      <class name="com.searchmodule.tests.SearchTest">
        <test-method status="PASS" signature="setupDriver(org.testng.ITestContext)[pri:0, instance:com.searchmodule.tests.SearchTest@129a8472]" name="setupDriver" is-config="true" duration-ms="4887" started-at="2022-05-21T22:21:33Z" finished-at="2022-05-21T22:21:38Z">
          <params>
            <param index="0">
              <value>
                <![CDATA[org.testng.TestRunner@39ac0c0a]]>
              </value>
            </param>
          </params>
          <reporter-output>
          </reporter-output>
        </test-method> <!-- setupDriver -->
        <test-method status="PASS" signature="search(java.lang.String)[pri:0, instance:com.searchmodule.tests.SearchTest@129a8472]" name="search" duration-ms="3760" started-at="2022-05-21T22:21:38Z" finished-at="2022-05-21T22:21:41Z">
          <params>
            <param index="0">
              <value>
                <![CDATA[webdriver]]>
              </value>
            </param>
          </params>
          <reporter-output>
          </reporter-output>
        </test-method> <!-- search -->
        <test-method status="PASS" signature="quitDriver()[pri:0, instance:com.searchmodule.tests.SearchTest@129a8472]" name="quitDriver" is-config="true" duration-ms="61" started-at="2022-05-21T22:21:41Z" finished-at="2022-05-21T22:21:41Z">
          <reporter-output>
          </reporter-output>
        </test-method> <!-- quitDriver -->
      </class> <!-- com.searchmodule.tests.SearchTest -->
    </test> <!-- search-test-webdriver -->
    <test name="search-test-docker" duration-ms="8598" started-at="2022-05-21T22:21:42Z" finished-at="2022-05-21T22:21:50Z">
      <class name="com.searchmodule.tests.SearchTest">
        <test-method status="PASS" signature="setupDriver(org.testng.ITestContext)[pri:0, instance:com.searchmodule.tests.SearchTest@2752f6e2]" name="setupDriver" is-config="true" duration-ms="4785" started-at="2022-05-21T22:21:42Z" finished-at="2022-05-21T22:21:46Z">
          <params>
            <param index="0">
              <value>
                <![CDATA[org.testng.TestRunner@c7ba306]]>
              </value>
            </param>
          </params>
          <reporter-output>
          </reporter-output>
        </test-method> <!-- setupDriver -->
        <test-method status="PASS" signature="search(java.lang.String)[pri:0, instance:com.searchmodule.tests.SearchTest@2752f6e2]" name="search" duration-ms="3753" started-at="2022-05-21T22:21:46Z" finished-at="2022-05-21T22:21:50Z">
          <params>
            <param index="0">
              <value>
                <![CDATA[docker]]>
              </value>
            </param>
          </params>
          <reporter-output>
          </reporter-output>
        </test-method> <!-- search -->
        <test-method status="PASS" signature="quitDriver()[pri:0, instance:com.searchmodule.tests.SearchTest@2752f6e2]" name="quitDriver" is-config="true" duration-ms="60" started-at="2022-05-21T22:21:50Z" finished-at="2022-05-21T22:21:50Z">
          <reporter-output>
          </reporter-output>
        </test-method> <!-- quitDriver -->
      </class> <!-- com.searchmodule.tests.SearchTest -->
    </test> <!-- search-test-docker -->
    <test name="search-test-kubernetes" duration-ms="8317" started-at="2022-05-21T22:21:50Z" finished-at="2022-05-21T22:21:58Z">
      <class name="com.searchmodule.tests.SearchTest">
        <test-method status="PASS" signature="setupDriver(org.testng.ITestContext)[pri:0, instance:com.searchmodule.tests.SearchTest@1d251891]" name="setupDriver" is-config="true" duration-ms="4565" started-at="2022-05-21T22:21:50Z" finished-at="2022-05-21T22:21:55Z">
          <params>
            <param index="0">
              <value>
                <![CDATA[org.testng.TestRunner@4ff8d125]]>
              </value>
            </param>
          </params>
          <reporter-output>
          </reporter-output>
        </test-method> <!-- setupDriver -->
        <test-method status="PASS" signature="search(java.lang.String)[pri:0, instance:com.searchmodule.tests.SearchTest@1d251891]" name="search" duration-ms="3690" started-at="2022-05-21T22:21:55Z" finished-at="2022-05-21T22:21:58Z">
          <params>
            <param index="0">
              <value>
                <![CDATA[kubernetes]]>
              </value>
            </param>
          </params>
          <reporter-output>
          </reporter-output>
        </test-method> <!-- search -->
        <test-method status="PASS" signature="quitDriver()[pri:0, instance:com.searchmodule.tests.SearchTest@1d251891]" name="quitDriver" is-config="true" duration-ms="62" started-at="2022-05-21T22:21:58Z" finished-at="2022-05-21T22:21:58Z">
          <reporter-output>
          </reporter-output>
        </test-method> <!-- quitDriver -->
      </class> <!-- com.searchmodule.tests.SearchTest -->
    </test> <!-- search-test-kubernetes -->
  </suite> <!-- search-module -->
</testng-results>
